<?xml version="1.0" encoding="UTF-8"?>
<!-- Generated by org.testng.reporters.JUnitReportReporter -->
<testsuite hostname="DESKTOP-DEA250D" failures="0" tests="2" name="testframwork.AnnotationInTestNG" time="0.007" errors="0" timestamp="2021-12-24T07:08:07 IST" skipped="0">
  <testcase classname="testframwork.AnnotationInTestNG" name="testCase1" time="0.005"/>
  <system-out>
    <![CDATA[Actual Test case 1]]>
  </system-out>
  <testcase classname="testframwork.AnnotationInTestNG" name="testCase2" time="0.002"/>
  <system-out>
    <![CDATA[Actual Test case 2]]>
  </system-out>
</testsuite> <!-- testframwork.AnnotationInTestNG -->
