<?xml version="1.0" encoding="UTF-8"?>
<!-- Generated by org.testng.reporters.JUnitReportReporter -->
<testsuite hostname="DESKTOP-DEA250D" failures="0" tests="1" name="pomtest.LoginTest" time="0.390" errors="0" timestamp="2022-01-01T07:07:55 IST" skipped="0">
  <testcase classname="pomtest.LoginTest" name="loginToApp" time="0.390"/>
  <system-out/>
</testsuite> <!-- pomtest.LoginTest -->
