<?xml version="1.0" encoding="UTF-8"?>
<!-- Generated by org.testng.reporters.JUnitReportReporter -->
<testsuite hostname="DESKTOP-DEA250D" failures="0" tests="1" name="testframwork.InclusionAndExclusion" time="0.006" errors="0" timestamp="2021-12-28T05:38:04 IST" skipped="0">
  <testcase classname="testframwork.InclusionAndExclusion" name="profile" time="0.006"/>
  <system-out/>
</testsuite> <!-- testframwork.InclusionAndExclusion -->
