<?xml version="1.0" encoding="UTF-8"?>
<!-- Generated by org.testng.reporters.JUnitReportReporter -->
<testsuite hostname="DESKTOP-DEA250D" failures="0" tests="1" name="testframwork.Example2" time="0.009" errors="0" timestamp="2021-12-24T07:05:10 IST" skipped="0">
  <testcase classname="testframwork.Example2" name="m1" time="0.009"/>
  <system-out/>
</testsuite> <!-- testframwork.Example2 -->
