<?xml version="1.0" encoding="UTF-8"?>
<!-- Generated by org.testng.reporters.JUnitReportReporter -->
<testsuite hostname="DESKTOP-DEA250D" failures="0" tests="2" name="testframwork.ParallelExecution" time="16.687" errors="0" timestamp="2021-12-30T06:49:19 IST" skipped="0">
  <testcase classname="testframwork.ParallelExecution" name="navToGoogle" time="8.454"/>
  <system-out/>
  <testcase classname="testframwork.ParallelExecution" name="navToFacebook" time="8.233"/>
  <system-out/>
</testsuite> <!-- testframwork.ParallelExecution -->
