<?xml version="1.0" encoding="UTF-8"?>
<!-- Generated by org.testng.reporters.JUnitReportReporter -->
<testsuite hostname="DESKTOP-DEA250D" failures="0" tests="2" name="testframwork.AnnotationInTestNG2" time="0.009" errors="0" timestamp="2021-12-24T07:08:07 IST" skipped="0">
  <testcase classname="testframwork.AnnotationInTestNG2" name="testCase2" time="0.003"/>
  <system-out>
    <![CDATA[Actual Test case 2 from AnnoatationInTestNG2 Class]]>
  </system-out>
  <testcase classname="testframwork.AnnotationInTestNG2" name="testCase1" time="0.006"/>
  <system-out>
    <![CDATA[Actual Test case 1 from AnnoatationInTestNG2 Class]]>
  </system-out>
</testsuite> <!-- testframwork.AnnotationInTestNG2 -->
